<?xml version="1.0" encoding="UTF-8"?>
<!-- Generated by org.testng.reporters.JUnitReportReporter -->
<testsuite hostname="TechMs-MacBook-Pro.local" failures="0" tests="1" name="Exercises.Exercise2" time="1.310" errors="0" timestamp="2022-03-30T09:17:56 PDT" skipped="0">
  <testcase classname="Exercises.Exercise2" name="orderPet" time="1.310"/>
  <system-out/>
</testsuite> <!-- Exercises.Exercise2 -->
