<?xml version="1.0" encoding="UTF-8"?>
<!-- Generated by org.testng.reporters.JUnitReportReporter -->
<testsuite hostname="TechMs-MacBook-Pro.local" failures="0" tests="1" name="Exercises.Exercise1" time="1.292" errors="0" timestamp="2022-03-28T19:39:25 PDT" skipped="0">
  <testcase classname="Exercises.Exercise1" name="showThreeRepos" time="1.292"/>
  <system-out/>
</testsuite> <!-- Exercises.Exercise1 -->
